<component name="libraryTable">
  <library name="junit-4.10">
    <CLASSES>
      <root url="jar://$USER_HOME$/Desktop/JAR Files for Java projects/For JSON/junit-4.10.jar!/" />
      <root url="jar://$USER_HOME$/Desktop/JAR Files for Java projects/For JSON/json-simple-1.1.1.jar!/" />
      <root url="jar://$USER_HOME$/Desktop/JAR Files for Java projects/For JSON/hamcrest-core-1.1.jar!/" />
    </CLASSES>
    <JAVADOC />
    <SOURCES>
      <root url="jar://$USER_HOME$/Desktop/JAR Files for Java projects/For JSON/hamcrest-core-1.1.jar!/" />
    </SOURCES>
  </library>
</component>